    03:16:53 DEBUG  asyncio          Using proactor: IocpProactor  
             DEV    livekit.agents   Watching C:\voice AI                      
                                     Challenge\ten-days-of-voice-agents-2025\  
                                     backend\src                               
    03:16:58 DEBUG  asyncio          Using proactor: IocpProactor  
             INFO   livekit.agents   starting worker {"version": "1.3.2",      
                                                     "rtc-version": "1.0.19"}  
             INFO   livekit.agents   starting inference executor  
             INFO   livekit.agents   initializing process {"pid": 21192,       
                                                          "inference": true}   
    03:17:09 INFO   livekit.agents   process initialized {"pid": 21192,        
                                                         "inference": true,    
                                                         "elapsed_time": 10.31}
    03:17:11 WARNI… livekit.agents   failed to connect to livekit, retrying    
                                     in 0s                                     
                                     Traceback (most recent call last):        
                                       File "C:\voice AI                       
                                     Challenge\ten-days-of-voice-agents-2025\  
                                     backend\.venv\Lib\site-packages\aiohttp\  
                                     connector.py", line 1268, in              
                                     _wrap_create_connection                   
                                         sock = await                          
                                     aiohappyeyeballs.start_connection(        
                                                ^^^^^^^^^^^^^^^^^^^^^^^^^^^^^  
                                     ^^^^^^^^^^^                               
                                         ...<6 lines>...                       
                                         )                                     
                                         ^                                     
                                       File "C:\voice AI                       
                                     Challenge\ten-days-of-voice-agents-2025\  
                                     backend\.venv\Lib\site-packages\aiohappy  
                                     eyeballs\impl.py", line 122, in           
                                     start_connection                          
                                         raise first_exception                 
                                       File "C:\voice AI                       
                                     Challenge\ten-days-of-voice-agents-2025\  
                                     backend\.venv\Lib\site-packages\aiohappy  
                                     eyeballs\impl.py", line 73, in            
                                     start_connection                          
                                         sock = await _connect_sock(           
                                                ^^^^^^^^^^^^^^^^^^^^           
                                         ...<6 lines>...                       
                                         )                                     
                                         ^                                     
                                       File "C:\voice AI                       
                                     Challenge\ten-days-of-voice-agents-2025\  
                                     backend\.venv\Lib\site-packages\aiohappy  
                                     eyeballs\impl.py", line 208, in           
                                     _connect_sock                             
                                         await loop.sock_connect(sock,         
                                     address)                                  
                                       File                                    
                                     "C:\Users\moham\AppData\Local\Programs\P  
                                     ython\Python313\Lib\asyncio\proactor_eve  
                                     nts.py", line 726, in sock_connect        
                                         return await                          
                                     self._proactor.connect(sock, address)     
                                                ^^^^^^^^^^^^^^^^^^^^^^^^^^^^^  
                                     ^^^^^^^^^^^^^^                            
                                       File                                    
                                     "C:\Users\moham\AppData\Local\Programs\P  
                                     ython\Python313\Lib\asyncio\windows_even  
                                     ts.py", line 804, in _poll                
                                         value = callback(transferred, key,    
                                     ov)                                       
                                       File                                    
                                     "C:\Users\moham\AppData\Local\Programs\P  
                                     ython\Python313\Lib\asyncio\windows_even  
                                     ts.py", line 600, in finish_connect       
                                         ov.getresult()                        
                                         ~~~~~~~~~~~~^^                        
                                     ConnectionRefusedError: [WinError 1225]   
                                     The remote computer refused the network   
                                     connection                                
                                                                               
                                     The above exception was the direct cause  
                                     of the following exception:               
                                                                               
                                     Traceback (most recent call last):        
                                       File "C:\voice AI                       
                                     Challenge\ten-days-of-voice-agents-2025\  
                                     backend\.venv\Lib\site-packages\livekit\  
                                     agents\worker.py", line 932, in           
                                     _connection_task                          
                                         ws = await                            
                                     self._http_session.ws_connect(            
                                              ^^^^^^^^^^^^^^^^^^^^^^^^^^^^^^^  
                                     ^^^^^                                     
                                         ...<6 lines>...                       
                                         )                                     
                                         ^                                     
                                       File "C:\voice AI                       
                                     Challenge\ten-days-of-voice-agents-2025\  
                                     backend\.venv\Lib\site-packages\aiohttp\  
                                     client.py", line 1076, in _ws_connect     
                                         resp = await self.request(            
                                                ^^^^^^^^^^^^^^^^^^^            
                                         ...<11 lines>...                      
                                         )                                     
                                         ^                                     
                                       File "C:\voice AI                       
                                     Challenge\ten-days-of-voice-agents-2025\  
                                     backend\.venv\Lib\site-packages\aiohttp\  
                                     client.py", line 779, in _request         
                                         resp = await handler(req)             
                                                ^^^^^^^^^^^^^^^^^^             
                                       File "C:\voice AI                       
                                     Challenge\ten-days-of-voice-agents-2025\  
                                     backend\.venv\Lib\site-packages\aiohttp\  
                                     client.py", line 734, in                  
                                     _connect_and_send_request                 
                                         conn = await                          
                                     self._connector.connect(                  
                                                ^^^^^^^^^^^^^^^^^^^^^^^^^^^^^  
                                     ^                                         
                                             req, traces=traces,               
                                     timeout=real_timeout                      
                                             ^^^^^^^^^^^^^^^^^^^^^^^^^^^^^^^^  
                                     ^^^^^^^^                                  
                                         )                                     
                                         ^                                     
                                       File "C:\voice AI                       
                                     Challenge\ten-days-of-voice-agents-2025\  
                                     backend\.venv\Lib\site-packages\aiohttp\  
                                     connector.py", line 642, in connect       
                                         proto = await                         
                                     self._create_connection(req, traces,      
                                     timeout)                                  
                                                 ^^^^^^^^^^^^^^^^^^^^^^^^^^^^  
                                     ^^^^^^^^^^^^^^^^^^^^^^^                   
                                       File "C:\voice AI                       
                                     Challenge\ten-days-of-voice-agents-2025\  
                                     backend\.venv\Lib\site-packages\aiohttp\  
                                     connector.py", line 1209, in              
                                     _create_connection                        
                                         _, proto = await                      
                                     self._create_direct_connection(req,       
                                     traces, timeout)                          
                                                    ^^^^^^^^^^^^^^^^^^^^^^^^^  
                                     ^^^^^^^^^^^^^^^^^^^^^^^^^^^^^^^^^         
                                       File "C:\voice AI                       
                                     Challenge\ten-days-of-voice-agents-2025\  
                                     backend\.venv\Lib\site-packages\aiohttp\  
                                     connector.py", line 1581, in              
                                     _create_direct_connection                 
                                         raise last_exc                        
                                       File "C:\voice AI                       
                                     Challenge\ten-days-of-voice-agents-2025\  
                                     backend\.venv\Lib\site-packages\aiohttp\  
                                     connector.py", line 1550, in              
                                     _create_direct_connection                 
                                         transp, proto = await                 
                                     self._wrap_create_connection(             
                                                         ^^^^^^^^^^^^^^^^^^^^  
                                     ^^^^^^^^^^^^^^^                           
                                         ...<7 lines>...                       
                                         )                                     
                                         ^                                     
                                       File "C:\voice AI                       
                                     Challenge\ten-days-of-voice-agents-2025\  
                                     backend\.venv\Lib\site-packages\aiohttp\  
                                     connector.py", line 1291, in              
                                     _wrap_create_connection                   
                                         raise                                 
                                     client_error(req.connection_key, exc)     
                                     from exc                                  
                                     aiohttp.client_exceptions.ClientConnecto  
                                     rError: Cannot connect to host            
                                     localhost:7880 ssl:default [The remote    
                                     computer refused the network connection]  
Process agents_inference_process:
Traceback (most recent call last):
  File "C:\Users\moham\AppData\Local\Programs\Python\Python313\Lib\asyncio\windows_events.py", line 463, in finish_socket_func
    return ov.getresult()
           ~~~~~~~~~~~~^^
OSError: [WinError 64] The specified network name is no longer available

During handling of the above exception, another exception occurred:

Traceback (most recent call last):
  File "C:\voice AI Challenge\ten-days-of-voice-agents-2025\backend\.venv\Lib\site-packages\livekit\agents\utils\aio\duplex_unix.py", line 57, in aclose
    await self._writer.wait_closed()
  File "C:\Users\moham\AppData\Local\Programs\Python\Python313\Lib\asyncio\streams.py", line 358, in wait_closed
    await self._protocol._get_close_waiter(self)
  File "C:\Users\moham\AppData\Local\Programs\Python\Python313\Lib\asyncio\proactor_events.py", line 286, in _loop_reading
    length = fut.result()
  File "C:\Users\moham\AppData\Local\Programs\Python\Python313\Lib\asyncio\windows_events.py", line 804, in _poll
    value = callback(transferred, key, ov)
  File "C:\Users\moham\AppData\Local\Programs\Python\Python313\Lib\asyncio\windows_events.py", line 467, in finish_socket_func
    raise ConnectionResetError(*exc.args)
ConnectionResetError: [WinError 64] The specified network name is no longer available

The above exception was the direct cause of the following exception:

Traceback (most recent call last):
  File "C:\Users\moham\AppData\Local\Programs\Python\Python313\Lib\multiprocessing\process.py", line 313, in _bootstrap
    self.run()
    ~~~~~~~~^^
  File "C:\Users\moham\AppData\Local\Programs\Python\Python313\Lib\multiprocessing\process.py", line 108, in run
    self._target(*self._args, **self._kwargs)
    ~~~~~~~~~~~~^^^^^^^^^^^^^^^^^^^^^^^^^^^^^
  File "C:\voice AI Challenge\ten-days-of-voice-agents-2025\backend\.venv\Lib\site-packages\livekit\agents\ipc\inference_proc_lazy_main.py", line 45, in proc_main
    client.run()
    ~~~~~~~~~~^^
  File "C:\voice AI Challenge\ten-days-of-voice-agents-2025\backend\.venv\Lib\site-packages\livekit\agents\ipc\proc_client.py", line 70, in run
    loop.run_until_complete(self._task)
    ~~~~~~~~~~~~~~~~~~~~~~~^^^^^^^^^^^^
  File "C:\Users\moham\AppData\Local\Programs\Python\Python313\Lib\asyncio\base_events.py", line 719, in run_until_complete
    return future.result()
           ~~~~~~~~~~~~~^^
  File "C:\voice AI Challenge\ten-days-of-voice-agents-2025\backend\.venv\Lib\site-packages\livekit\agents\ipc\proc_client.py", line 145, in _monitor_task
    await self._acch.aclose()
  File "C:\voice AI Challenge\ten-days-of-voice-agents-2025\backend\.venv\Lib\site-packages\livekit\agents\utils\aio\duplex_unix.py", line 60, in aclose
    raise DuplexClosed() from e
livekit.agents.utils.aio.duplex_unix.DuplexClosed
